<?xml version="1.0" encoding="UTF-8"?>
<!-- Generated by org.testng.reporters.JUnitReportReporter -->
<testsuite hostname="Dharani" failures="0" tests="1" name="com.bestbuy.tests.WebPageTest" time="33.105" errors="0" timestamp="2023-12-15T11:56:40 IST" skipped="0">
  <testcase classname="com.bestbuy.tests.WebPageTest" name="navigateToWebpage" time="33.105"/>
  <system-out/>
</testsuite> <!-- com.bestbuy.tests.WebPageTest -->
