<?xml version="1.0" encoding="UTF-8"?>
<!-- Generated by org.testng.reporters.JUnitReportReporter -->
<testsuite hostname="Dharani" failures="0" tests="2" name="com.selenium.project1.EcommerceProject" time="3.908" errors="0" timestamp="2023-12-05T13:43:25 IST" skipped="1">
  <testcase classname="com.selenium.project1.EcommerceProject" name="navigateWebBrowser" time="3.908"/>
  <system-out/>
  <testcase classname="com.selenium.project1.EcommerceProject" name="SignUP">
    <skipped/>
  </testcase> <!-- SignUP -->
  <system-out/>
</testsuite> <!-- com.selenium.project1.EcommerceProject -->
