<?xml version="1.0" encoding="UTF-8"?>
<!-- Generated by org.testng.reporters.JUnitReportReporter -->
<testsuite hostname="Dharani" failures="0" tests="1" name="com.bestbuy.tests.SearchItemTest" time="43.072" errors="0" timestamp="2023-12-08T00:14:21 IST" skipped="0">
  <testcase classname="com.bestbuy.tests.SearchItemTest" name="searchedItem" time="43.072"/>
  <system-out/>
</testsuite> <!-- com.bestbuy.tests.SearchItemTest -->
