<?xml version="1.0" encoding="UTF-8"?>
<!-- Generated by org.testng.reporters.JUnitReportReporter -->
<testsuite hostname="Dharani" failures="0" tests="1" name="com.bestbuy.tests.AddMenuCartTest" time="121.692" errors="0" timestamp="2023-12-15T11:56:40 IST" skipped="0">
  <testcase classname="com.bestbuy.tests.AddMenuCartTest" name="addMenuCartItems" time="121.692"/>
  <system-out/>
</testsuite> <!-- com.bestbuy.tests.AddMenuCartTest -->
