<?xml version="1.0" encoding="UTF-8"?>
<!-- Generated by org.testng.reporters.JUnitReportReporter -->
<testsuite hostname="Dharani" failures="0" tests="1" name="com.bestbuy.tests.CheckOutTest" time="229.960" errors="0" timestamp="2024-01-06T11:32:29 IST" skipped="0">
  <testcase classname="com.bestbuy.tests.CheckOutTest" name="navigateToCheckOut" time="229.960"/>
  <system-out/>
</testsuite> <!-- com.bestbuy.tests.CheckOutTest -->
