<?xml version="1.0" encoding="UTF-8"?>
<!-- Generated by org.testng.reporters.JUnitReportReporter -->
<testsuite hostname="Dharani" failures="0" tests="1" name="com.bestbuy.tests.AddBrandCartTest" time="127.861" errors="0" timestamp="2023-12-15T11:56:41 IST" skipped="0">
  <testcase classname="com.bestbuy.tests.AddBrandCartTest" name="addBrandItemsToCart" time="127.861"/>
  <system-out/>
</testsuite> <!-- com.bestbuy.tests.AddBrandCartTest -->
